> Task :mobile:checkKotlinGradlePluginConfigurationErrors SKIPPED
> Task :mobile:preBuild UP-TO-DATE
> Task :mobile:preDebugBuild UP-TO-DATE
> Task :mobile:dataBindingMergeDependencyArtifactsDebug UP-TO-DATE
> Task :mobile:generateDebugResValues UP-TO-DATE
> Task :mobile:generateDebugResources UP-TO-DATE
> Task :shared:preBuild UP-TO-DATE
> Task :shared:preDebugBuild UP-TO-DATE
> Task :shared:generateDebugResValues UP-TO-DATE
> Task :shared:generateDebugResources UP-TO-DATE
> Task :shared:packageDebugResources UP-TO-DATE
> Task :mobile:mergeDebugResources UP-TO-DATE
> Task :mobile:packageDebugResources UP-TO-DATE
> Task :mobile:parseDebugLocalResources UP-TO-DATE
> Task :shared:parseDebugLocalResources UP-TO-DATE
> Task :shared:generateDebugRFile UP-TO-DATE
> Task :mobile:dataBindingGenBaseClassesDebug UP-TO-DATE
> Task :mobile:dataBindingTriggerDebug UP-TO-DATE
> Task :shared:writeDebugAarMetadata UP-TO-DATE
> Task :mobile:checkDebugAarMetadata UP-TO-DATE
> Task :mobile:mapDebugSourceSetPaths UP-TO-DATE
> Task :mobile:createDebugCompatibleScreenManifests UP-TO-DATE
> Task :mobile:extractDeepLinksDebug UP-TO-DATE
> Task :shared:extractDeepLinksDebug UP-TO-DATE
> Task :shared:processDebugManifest UP-TO-DATE
> Task :mobile:processDebugMainManifest UP-TO-DATE
> Task :mobile:processDebugManifest UP-TO-DATE
> Task :mobile:processDebugManifestForPackage UP-TO-DATE
> Task :shared:compileDebugLibraryResources UP-TO-DATE
> Task :mobile:processDebugResources UP-TO-DATE
> Task :shared:checkKotlinGradlePluginConfigurationErrors SKIPPED
> Task :shared:compileDebugKotlin UP-TO-DATE
> Task :shared:javaPreCompileDebug UP-TO-DATE
> Task :shared:compileDebugJavaWithJavac NO-SOURCE
> Task :shared:bundleLibCompileToJarDebug UP-TO-DATE
> Task :mobile:kspDebugKotlin UP-TO-DATE
> Task :mobile:compileDebugKotlin UP-TO-DATE
> Task :mobile:javaPreCompileDebug UP-TO-DATE
> Task :mobile:compileDebugJavaWithJavac UP-TO-DATE
> Task :mobile:bundleDebugClassesToRuntimeJar UP-TO-DATE
> Task :mobile:bundleDebugClassesToCompileJar UP-TO-DATE
> Task :mobile:preDebugUnitTestBuild UP-TO-DATE
> Task :mobile:javaPreCompileDebugUnitTest UP-TO-DATE
> Task :mobile:mergeDebugShaders UP-TO-DATE
> Task :mobile:compileDebugShaders NO-SOURCE
> Task :mobile:generateDebugAssets UP-TO-DATE
> Task :shared:mergeDebugShaders UP-TO-DATE
> Task :shared:compileDebugShaders NO-SOURCE
> Task :shared:generateDebugAssets UP-TO-DATE
> Task :shared:packageDebugAssets UP-TO-DATE
> Task :mobile:mergeDebugAssets UP-TO-DATE
> Task :mobile:packageDebugUnitTestForUnitTest UP-TO-DATE
> Task :mobile:generateDebugUnitTestConfig UP-TO-DATE
> Task :mobile:processDebugJavaRes UP-TO-DATE
> Task :shared:bundleLibRuntimeToJarDebug UP-TO-DATE
> Task :shared:processDebugJavaRes UP-TO-DATE
> Task :mobile:kspDebugUnitTestKotlin

> Task :mobile:compileDebugUnitTestKotlin FAILED
e: file:///app/mobile/src/test/java/it/vantaggi/scoreboardessential/MainViewModelTest.kt:81:28 Argument type mismatch: actual type is 'it.vantaggi.scoreboardessential.MainViewModel', but 'kotlin.Any!' was expected.
e: file:///app/mobile/src/test/java/it/vantaggi/scoreboardessential/MainViewModelTest.kt:81:39 Argument type mismatch: actual type is 'T', but 'kotlin.Any!' was expected.
e: file:///app/mobile/src/test/java/it/vantaggi/scoreboardessential/MainViewModelTest.kt:81:44 Unresolved reference 'PlayerDao'.
e: file:///app/mobile/src/test/java/it/vantaggi/scoreboardessential/MainViewModelTest.kt:81:61 Cannot infer type for this parameter. Please specify it explicitly.
e: file:///app/mobile/src/test/java/it/vantaggi/scoreboardessential/MainViewModelTest.kt:81:61 Unresolved reference. None of the following candidates is applicable because of a receiver type mismatch:
val <T> KClass<T>.java: Class<T>
e: file:///app/mobile/src/test/java/it/vantaggi/scoreboardessential/MainViewModelTest.kt:81:67 Cannot infer type for this parameter. Please specify it explicitly.
e: file:///app/mobile/src/test/java/it/vantaggi/scoreboardessential/MainViewModelTest.kt:81:67 Unresolved reference. None of the following candidates is applicable because of a receiver type mismatch:
fun <T> T.apply(block: T.() -> Unit): T
    [R|Contract description]
     <
        CallsInPlace(block, EXACTLY_ONCE)
    >
e: file:///app/mobile/src/test/java/it/vantaggi/scoreboardessential/MainViewModelTest.kt:81:73 Cannot infer type for this parameter. Please specify it explicitly.
e: file:///app/mobile/src/test/java/it/vantaggi/scoreboardessential/MainViewModelTest.kt:83:13 Cannot infer type for this parameter. Please specify it explicitly.
e: file:///app/mobile/src/test/java/it/vantaggi/scoreboardessential/MainViewModelTest.kt:83:20 Unresolved reference 'getAllPlayers'.
e: file:///app/mobile/src/test/java/it/vantaggi/scoreboardessential/MainViewModelTest.kt:83:72 Cannot infer type for this parameter. Please specify it explicitly.
e: file:///app/mobile/src/test/java/it/vantaggi/scoreboardessential/MainViewModelTest.kt:83:72 Not enough information to infer type argument for 'T'.
e: file:///app/mobile/src/test/java/it/vantaggi/scoreboardessential/MainViewModelTest.kt:83:79 Cannot infer type for this parameter. Please specify it explicitly.
e: file:///app/mobile/src/test/java/it/vantaggi/scoreboardessential/MainViewModelTest.kt:83:79 Not enough information to infer type argument for 'T'.
e: file:///app/mobile/src/test/java/it/vantaggi/scoreboardessential/MainViewModelTest.kt:88:43 Unresolved reference 'MatchDao'.
e: file:///app/mobile/src/test/java/it/vantaggi/scoreboardessential/MainViewModelTest.kt:88:59 Cannot infer type for this parameter. Please specify it explicitly.
e: file:///app/mobile/src/test/java/it/vantaggi/scoreboardessential/MainViewModelTest.kt:88:59 Unresolved reference. None of the following candidates is applicable because of a receiver type mismatch:
val <T> KClass<T>.java: Class<T>

FAILURE: Build failed with an exception.

* What went wrong:
Execution failed for task ':mobile:compileDebugUnitTestKotlin'.
> A failure occurred while executing org.jetbrains.kotlin.compilerRunner.GradleCompilerRunnerWithWorkers$GradleKotlinCompilerWorkAction
   > Compilation error. See log for more details

* Try:
> Run with --stacktrace option to get the stack trace.
> Run with --info or --debug option to get more log output.
> Run with --scan to get full insights.
> Get more help at https://help.gradle.org.

BUILD FAILED in 10s
46 actionable tasks: 2 executed, 44 up-to-date
